<?xml version="1.0" encoding="UTF-8"?>
<testng-results skipped="0" failed="0" ignored="0" total="4" passed="4">
  <reporter-output>
  </reporter-output>
  <suite name="InternetBanking" duration-ms="29991" started-at="2022-04-28T22:01:38 IST" finished-at="2022-04-28T22:02:08 IST">
    <groups>
    </groups>
    <test name="Banking Test" duration-ms="29991" started-at="2022-04-28T22:01:38 IST" finished-at="2022-04-28T22:02:08 IST">
      <class name="com.inetbankingtestcases.TC_LoginDDT_002">
        <test-method status="PASS" signature="setup(java.lang.String)[pri:0, instance:com.inetbankingtestcases.TC_LoginDDT_002@42d8062c]" name="setup" is-config="true" duration-ms="13500" started-at="2022-04-28T22:01:39 IST" finished-at="2022-04-28T22:01:52 IST">
          <params>
            <param index="0">
              <value>
                <![CDATA[chrome]]>
              </value>
            </param>
          </params>
          <reporter-output>
          </reporter-output>
        </test-method> <!-- setup -->
        <test-method status="PASS" signature="loginDDT(java.lang.String, java.lang.String)[pri:0, instance:com.inetbankingtestcases.TC_LoginDDT_002@42d8062c]" name="loginDDT" duration-ms="2731" started-at="2022-04-28T22:01:54 IST" data-provider="LoginData" finished-at="2022-04-28T22:01:57 IST">
          <params>
            <param index="0">
              <value>
                <![CDATA[Admin]]>
              </value>
            </param>
            <param index="1">
              <value>
                <![CDATA[kkk]]>
              </value>
            </param>
          </params>
          <reporter-output>
          </reporter-output>
        </test-method> <!-- loginDDT -->
        <test-method status="PASS" signature="loginDDT(java.lang.String, java.lang.String)[pri:0, instance:com.inetbankingtestcases.TC_LoginDDT_002@42d8062c]" name="loginDDT" duration-ms="1653" started-at="2022-04-28T22:01:57 IST" data-provider="LoginData" finished-at="2022-04-28T22:01:58 IST">
          <params>
            <param index="0">
              <value>
                <![CDATA[kkk]]>
              </value>
            </param>
            <param index="1">
              <value>
                <![CDATA[admin123]]>
              </value>
            </param>
          </params>
          <reporter-output>
          </reporter-output>
        </test-method> <!-- loginDDT -->
        <test-method status="PASS" signature="loginDDT(java.lang.String, java.lang.String)[pri:0, instance:com.inetbankingtestcases.TC_LoginDDT_002@42d8062c]" name="loginDDT" duration-ms="1503" started-at="2022-04-28T22:01:58 IST" data-provider="LoginData" finished-at="2022-04-28T22:02:00 IST">
          <params>
            <param index="0">
              <value>
                <![CDATA[kkk]]>
              </value>
            </param>
            <param index="1">
              <value>
                <![CDATA[kkk]]>
              </value>
            </param>
          </params>
          <reporter-output>
          </reporter-output>
        </test-method> <!-- loginDDT -->
        <test-method status="PASS" signature="loginDDT(java.lang.String, java.lang.String)[pri:0, instance:com.inetbankingtestcases.TC_LoginDDT_002@42d8062c]" name="loginDDT" duration-ms="6173" started-at="2022-04-28T22:02:00 IST" data-provider="LoginData" finished-at="2022-04-28T22:02:06 IST">
          <params>
            <param index="0">
              <value>
                <![CDATA[Admin]]>
              </value>
            </param>
            <param index="1">
              <value>
                <![CDATA[admin123]]>
              </value>
            </param>
          </params>
          <reporter-output>
          </reporter-output>
        </test-method> <!-- loginDDT -->
        <test-method status="PASS" signature="taerDown()[pri:0, instance:com.inetbankingtestcases.TC_LoginDDT_002@42d8062c]" name="taerDown" is-config="true" duration-ms="2005" started-at="2022-04-28T22:02:06 IST" finished-at="2022-04-28T22:02:08 IST">
          <reporter-output>
          </reporter-output>
        </test-method> <!-- taerDown -->
      </class> <!-- com.inetbankingtestcases.TC_LoginDDT_002 -->
    </test> <!-- Banking Test -->
  </suite> <!-- InternetBanking -->
</testng-results>
