<?xml version="1.0" encoding="UTF-8"?>
<!-- Generated by org.testng.reporters.JUnitXMLReporter -->
<testsuite hostname="DESKTOP-Q5OOFLM" ignored="0" name="Banking Test" tests="4" failures="0" timestamp="2022-04-28T22:02:08 IST" time="29.991" errors="0">
  <testcase name="loginDDT" time="2.731" classname="com.inetbankingtestcases.TC_LoginDDT_002"/>
  <testcase name="loginDDT" time="1.653" classname="com.inetbankingtestcases.TC_LoginDDT_002"/>
  <testcase name="loginDDT" time="1.503" classname="com.inetbankingtestcases.TC_LoginDDT_002"/>
  <testcase name="loginDDT" time="6.173" classname="com.inetbankingtestcases.TC_LoginDDT_002"/>
</testsuite> <!-- Banking Test -->
